  test268.c
D:\mysources\C_PL\C300\Project268\Project268\test268.c(43,15): warning C4013: 'get_addrllist'이(가) 정의되지 않았습니다. extern은 int형을 반환하는 것으로 간주합니다.
D:\mysources\C_PL\C300\Project268\Project268\test268.c(51,8): error C4996: 'getch': The POSIX name for this item is deprecated. Instead, use the ISO C and C++ conformant name: _getch. See online help for details.
D:\mysources\C_PL\C300\Project268\Project268\test268.c(93,13): error C2143: 구문 오류: ')'이(가) ';' 앞에 없습니다.
D:\mysources\C_PL\C300\Project268\Project268\test268.c(93,12): error C2198: 'fopen': 호출에 인수가 너무 적습니다.
D:\mysources\C_PL\C300\Project268\Project268\test268.c(93,21): error C2143: 구문 오류: ';'이(가) ',' 앞에 없습니다.
D:\mysources\C_PL\C300\Project268\Project268\test268.c(93,27): error C2059: 구문 오류: ')'
D:\mysources\C_PL\C300\Project268\Project268\test268.c(142,23): error C2065: 'Plocal': 선언되지 않은 식별자입니다.
D:\mysources\C_PL\C300\Project268\Project268\test268.c(142,23): warning C4047: '=': 'ADDR *'의 간접 참조 수준이 'int'과(와) 다릅니다.
D:\mysources\C_PL\C300\Project268\Project268\test268.c(149,31): error C2143: 구문 오류: ')'이(가) ';' 앞에 없습니다.
D:\mysources\C_PL\C300\Project268\Project268\test268.c(229,6): warning C4013: 'gets'이(가) 정의되지 않았습니다. extern은 int형을 반환하는 것으로 간주합니다.
D:\mysources\C_PL\C300\Project268\Project268\test268.c(241,15): warning C4013: 'find_list'이(가) 정의되지 않았습니다. extern은 int형을 반환하는 것으로 간주합니다.
D:\mysources\C_PL\C300\Project268\Project268\test268.c(307,22): error C2065: 'addr': 선언되지 않은 식별자입니다.
D:\mysources\C_PL\C300\Project268\Project268\test268.c(307,22): warning C4047: '>': 'ADDR *'의 간접 참조 수준이 'int'과(와) 다릅니다.
D:\mysources\C_PL\C300\Project268\Project268\test268.c(307,22): warning C4047: '함수': 'const char *'의 간접 참조 수준이 'int'과(와) 다릅니다.
D:\mysources\C_PL\C300\Project268\Project268\test268.c(307,16): warning C4024: 'puts': 형식 및 실제 매개 변수 1의 형식이 서로 다릅니다.
D:\mysources\C_PL\C300\Project268\Project268\test268.c(396,7): error C4996: 'getch': The POSIX name for this item is deprecated. Instead, use the ISO C and C++ conformant name: _getch. See online help for details.
D:\mysources\C_PL\C300\Project268\Project268\test268.c(468,7): error C4996: 'getch': The POSIX name for this item is deprecated. Instead, use the ISO C and C++ conformant name: _getch. See online help for details.
D:\mysources\C_PL\C300\Project268\Project268\test268.c(486,13): error C2143: 구문 오류: ')'이(가) ';' 앞에 없습니다.
D:\mysources\C_PL\C300\Project268\Project268\test268.c(486,12): error C2198: 'fopen': 호출에 인수가 너무 적습니다.
D:\mysources\C_PL\C300\Project268\Project268\test268.c(486,21): error C2143: 구문 오류: ';'이(가) ',' 앞에 없습니다.
D:\mysources\C_PL\C300\Project268\Project268\test268.c(486,28): error C2059: 구문 오류: ')'
